  audioPlayer.cpp
  Unknown compiler version - please run the configure tests and report the results
vtkCommonCore-8.0-gd.lib(vtkCollection.obj) : warning LNK4099: PDB "vtkCommonCore.pdb" wurde nicht mit "vtkCommonCore-8.0-gd.lib(vtkCollection.obj)" oder an "C:\Users\yzesc\Programming\Projects\Dosuas\Debug\vtkCommonCore.pdb" gefunden; Objekt wird verkn³pft, als ob keine Debuginformationen vorhanden wõren.
vtkCommonCore-8.0-gd.lib(vtkCollectionIterator.obj) : warning LNK4099: PDB "vtkCommonCore.pdb" wurde nicht mit "vtkCommonCore-8.0-gd.lib(vtkCollectionIterator.obj)" oder an "C:\Users\yzesc\Programming\Projects\Dosuas\Debug\vtkCommonCore.pdb" gefunden; Objekt wird verkn³pft, als ob keine Debuginformationen vorhanden wõren.
vtkCommonCore-8.0-gd.lib(vtkCommand.obj) : warning LNK4099: PDB "vtkCommonCore.pdb" wurde nicht mit "vtkCommonCore-8.0-gd.lib(vtkCommand.obj)" oder an "C:\Users\yzesc\Programming\Projects\Dosuas\Debug\vtkCommonCore.pdb" gefunden; Objekt wird verkn³pft, als ob keine Debuginformationen vorhanden wõren.
vtkCommonCore-8.0-gd.lib(vtkDebugLeaks.obj) : warning LNK4099: PDB "vtkCommonCore.pdb" wurde nicht mit "vtkCommonCore-8.0-gd.lib(vtkDebugLeaks.obj)" oder an "C:\Users\yzesc\Programming\Projects\Dosuas\Debug\vtkCommonCore.pdb" gefunden; Objekt wird verkn³pft, als ob keine Debuginformationen vorhanden wõren.
vtkCommonCore-8.0-gd.lib(vtkDebugLeaksManager.obj) : warning LNK4099: PDB "vtkCommonCore.pdb" wurde nicht mit "vtkCommonCore-8.0-gd.lib(vtkDebugLeaksManager.obj)" oder an "C:\Users\yzesc\Programming\Projects\Dosuas\Debug\vtkCommonCore.pdb" gefunden; Objekt wird verkn³pft, als ob keine Debuginformationen vorhanden wõren.
vtkCommonCore-8.0-gd.lib(vtkDynamicLoader.obj) : warning LNK4099: PDB "vtkCommonCore.pdb" wurde nicht mit "vtkCommonCore-8.0-gd.lib(vtkDynamicLoader.obj)" oder an "C:\Users\yzesc\Programming\Projects\Dosuas\Debug\vtkCommonCore.pdb" gefunden; Objekt wird verkn³pft, als ob keine Debuginformationen vorhanden wõren.
vtkCommonCore-8.0-gd.lib(vtkGarbageCollector.obj) : warning LNK4099: PDB "vtkCommonCore.pdb" wurde nicht mit "vtkCommonCore-8.0-gd.lib(vtkGarbageCollector.obj)" oder an "C:\Users\yzesc\Programming\Projects\Dosuas\Debug\vtkCommonCore.pdb" gefunden; Objekt wird verkn³pft, als ob keine Debuginformationen vorhanden wõren.
vtkCommonCore-8.0-gd.lib(vtkGarbageCollectorManager.obj) : warning LNK4099: PDB "vtkCommonCore.pdb" wurde nicht mit "vtkCommonCore-8.0-gd.lib(vtkGarbageCollectorManager.obj)" oder an "C:\Users\yzesc\Programming\Projects\Dosuas\Debug\vtkCommonCore.pdb" gefunden; Objekt wird verkn³pft, als ob keine Debuginformationen vorhanden wõren.
vtkCommonCore-8.0-gd.lib(vtkIndent.obj) : warning LNK4099: PDB "vtkCommonCore.pdb" wurde nicht mit "vtkCommonCore-8.0-gd.lib(vtkIndent.obj)" oder an "C:\Users\yzesc\Programming\Projects\Dosuas\Debug\vtkCommonCore.pdb" gefunden; Objekt wird verkn³pft, als ob keine Debuginformationen vorhanden wõren.
vtkCommonCore-8.0-gd.lib(vtkLargeInteger.obj) : warning LNK4099: PDB "vtkCommonCore.pdb" wurde nicht mit "vtkCommonCore-8.0-gd.lib(vtkLargeInteger.obj)" oder an "C:\Users\yzesc\Programming\Projects\Dosuas\Debug\vtkCommonCore.pdb" gefunden; Objekt wird verkn³pft, als ob keine Debuginformationen vorhanden wõren.
vtkCommonCore-8.0-gd.lib(vtkMultiThreader.obj) : warning LNK4099: PDB "vtkCommonCore.pdb" wurde nicht mit "vtkCommonCore-8.0-gd.lib(vtkMultiThreader.obj)" oder an "C:\Users\yzesc\Programming\Projects\Dosuas\Debug\vtkCommonCore.pdb" gefunden; Objekt wird verkn³pft, als ob keine Debuginformationen vorhanden wõren.
vtkCommonCore-8.0-gd.lib(vtkMutexLock.obj) : warning LNK4099: PDB "vtkCommonCore.pdb" wurde nicht mit "vtkCommonCore-8.0-gd.lib(vtkMutexLock.obj)" oder an "C:\Users\yzesc\Programming\Projects\Dosuas\Debug\vtkCommonCore.pdb" gefunden; Objekt wird verkn³pft, als ob keine Debuginformationen vorhanden wõren.
vtkCommonCore-8.0-gd.lib(vtkObjectBase.obj) : warning LNK4099: PDB "vtkCommonCore.pdb" wurde nicht mit "vtkCommonCore-8.0-gd.lib(vtkObjectBase.obj)" oder an "C:\Users\yzesc\Programming\Projects\Dosuas\Debug\vtkCommonCore.pdb" gefunden; Objekt wird verkn³pft, als ob keine Debuginformationen vorhanden wõren.
vtkCommonCore-8.0-gd.lib(vtkObject.obj) : warning LNK4099: PDB "vtkCommonCore.pdb" wurde nicht mit "vtkCommonCore-8.0-gd.lib(vtkObject.obj)" oder an "C:\Users\yzesc\Programming\Projects\Dosuas\Debug\vtkCommonCore.pdb" gefunden; Objekt wird verkn³pft, als ob keine Debuginformationen vorhanden wõren.
vtkCommonCore-8.0-gd.lib(vtkObjectFactoryCollection.obj) : warning LNK4099: PDB "vtkCommonCore.pdb" wurde nicht mit "vtkCommonCore-8.0-gd.lib(vtkObjectFactoryCollection.obj)" oder an "C:\Users\yzesc\Programming\Projects\Dosuas\Debug\vtkCommonCore.pdb" gefunden; Objekt wird verkn³pft, als ob keine Debuginformationen vorhanden wõren.
vtkCommonCore-8.0-gd.lib(vtkObjectFactory.obj) : warning LNK4099: PDB "vtkCommonCore.pdb" wurde nicht mit "vtkCommonCore-8.0-gd.lib(vtkObjectFactory.obj)" oder an "C:\Users\yzesc\Programming\Projects\Dosuas\Debug\vtkCommonCore.pdb" gefunden; Objekt wird verkn³pft, als ob keine Debuginformationen vorhanden wõren.
vtkCommonCore-8.0-gd.lib(vtkOStreamWrapper.obj) : warning LNK4099: PDB "vtkCommonCore.pdb" wurde nicht mit "vtkCommonCore-8.0-gd.lib(vtkOStreamWrapper.obj)" oder an "C:\Users\yzesc\Programming\Projects\Dosuas\Debug\vtkCommonCore.pdb" gefunden; Objekt wird verkn³pft, als ob keine Debuginformationen vorhanden wõren.
vtkCommonCore-8.0-gd.lib(vtkOStrStreamWrapper.obj) : warning LNK4099: PDB "vtkCommonCore.pdb" wurde nicht mit "vtkCommonCore-8.0-gd.lib(vtkOStrStreamWrapper.obj)" oder an "C:\Users\yzesc\Programming\Projects\Dosuas\Debug\vtkCommonCore.pdb" gefunden; Objekt wird verkn³pft, als ob keine Debuginformationen vorhanden wõren.
vtkCommonCore-8.0-gd.lib(vtkOutputWindow.obj) : warning LNK4099: PDB "vtkCommonCore.pdb" wurde nicht mit "vtkCommonCore-8.0-gd.lib(vtkOutputWindow.obj)" oder an "C:\Users\yzesc\Programming\Projects\Dosuas\Debug\vtkCommonCore.pdb" gefunden; Objekt wird verkn³pft, als ob keine Debuginformationen vorhanden wõren.
vtkCommonCore-8.0-gd.lib(vtkOverrideInformation.obj) : warning LNK4099: PDB "vtkCommonCore.pdb" wurde nicht mit "vtkCommonCore-8.0-gd.lib(vtkOverrideInformation.obj)" oder an "C:\Users\yzesc\Programming\Projects\Dosuas\Debug\vtkCommonCore.pdb" gefunden; Objekt wird verkn³pft, als ob keine Debuginformationen vorhanden wõren.
vtkCommonCore-8.0-gd.lib(vtkSimpleCriticalSection.obj) : warning LNK4099: PDB "vtkCommonCore.pdb" wurde nicht mit "vtkCommonCore-8.0-gd.lib(vtkSimpleCriticalSection.obj)" oder an "C:\Users\yzesc\Programming\Projects\Dosuas\Debug\vtkCommonCore.pdb" gefunden; Objekt wird verkn³pft, als ob keine Debuginformationen vorhanden wõren.
vtkCommonCore-8.0-gd.lib(vtkSmartPointerBase.obj) : warning LNK4099: PDB "vtkCommonCore.pdb" wurde nicht mit "vtkCommonCore-8.0-gd.lib(vtkSmartPointerBase.obj)" oder an "C:\Users\yzesc\Programming\Projects\Dosuas\Debug\vtkCommonCore.pdb" gefunden; Objekt wird verkn³pft, als ob keine Debuginformationen vorhanden wõren.
vtkCommonCore-8.0-gd.lib(vtkStdString.obj) : warning LNK4099: PDB "vtkCommonCore.pdb" wurde nicht mit "vtkCommonCore-8.0-gd.lib(vtkStdString.obj)" oder an "C:\Users\yzesc\Programming\Projects\Dosuas\Debug\vtkCommonCore.pdb" gefunden; Objekt wird verkn³pft, als ob keine Debuginformationen vorhanden wõren.
vtkCommonCore-8.0-gd.lib(vtkTimeStamp.obj) : warning LNK4099: PDB "vtkCommonCore.pdb" wurde nicht mit "vtkCommonCore-8.0-gd.lib(vtkTimeStamp.obj)" oder an "C:\Users\yzesc\Programming\Projects\Dosuas\Debug\vtkCommonCore.pdb" gefunden; Objekt wird verkn³pft, als ob keine Debuginformationen vorhanden wõren.
vtkCommonCore-8.0-gd.lib(vtkAtomic.obj) : warning LNK4099: PDB "vtkCommonCore.pdb" wurde nicht mit "vtkCommonCore-8.0-gd.lib(vtkAtomic.obj)" oder an "C:\Users\yzesc\Programming\Projects\Dosuas\Debug\vtkCommonCore.pdb" gefunden; Objekt wird verkn³pft, als ob keine Debuginformationen vorhanden wõren.
vtkCommonCore-8.0-gd.lib(vtkWin32OutputWindow.obj) : warning LNK4099: PDB "vtkCommonCore.pdb" wurde nicht mit "vtkCommonCore-8.0-gd.lib(vtkWin32OutputWindow.obj)" oder an "C:\Users\yzesc\Programming\Projects\Dosuas\Debug\vtkCommonCore.pdb" gefunden; Objekt wird verkn³pft, als ob keine Debuginformationen vorhanden wõren.
vtksys-8.0-gd.lib(EncodingC.obj) : warning LNK4099: PDB "vtksys.pdb" wurde nicht mit "vtksys-8.0-gd.lib(EncodingC.obj)" oder an "C:\Users\yzesc\Programming\Projects\Dosuas\Debug\vtksys.pdb" gefunden; Objekt wird verkn³pft, als ob keine Debuginformationen vorhanden wõren.
vtksys-8.0-gd.lib(Directory.obj) : warning LNK4099: PDB "vtksys.pdb" wurde nicht mit "vtksys-8.0-gd.lib(Directory.obj)" oder an "C:\Users\yzesc\Programming\Projects\Dosuas\Debug\vtksys.pdb" gefunden; Objekt wird verkn³pft, als ob keine Debuginformationen vorhanden wõren.
vtksys-8.0-gd.lib(DynamicLoader.obj) : warning LNK4099: PDB "vtksys.pdb" wurde nicht mit "vtksys-8.0-gd.lib(DynamicLoader.obj)" oder an "C:\Users\yzesc\Programming\Projects\Dosuas\Debug\vtksys.pdb" gefunden; Objekt wird verkn³pft, als ob keine Debuginformationen vorhanden wõren.
vtksys-8.0-gd.lib(EncodingCXX.obj) : warning LNK4099: PDB "vtksys.pdb" wurde nicht mit "vtksys-8.0-gd.lib(EncodingCXX.obj)" oder an "C:\Users\yzesc\Programming\Projects\Dosuas\Debug\vtksys.pdb" gefunden; Objekt wird verkn³pft, als ob keine Debuginformationen vorhanden wõren.
  Dosuas.vcxproj -> C:\Users\yzesc\Programming\Projects\Dosuas\Debug\Dosuas.exe
